<?xml version="1.0" encoding="UTF-8"?>
<!-- Generated by org.testng.reporters.JUnitXMLReporter -->
<testsuite hostname="LP-5CG0386GNV" ignored="0" name="ChromeTest" tests="1" failures="1" timestamp="09 Mar 2021 16:07:32 GMT" time="19.239" errors="0">
  <testcase name="TestInteractionsTab" time="12.92" classname="com.testscript.TC01_WebSiteLaunch_ToolsQA_Test">
    <failure type="java.lang.NullPointerException">
      <![CDATA[java.lang.NullPointerException
at com.utils.WebElementUtils.scrollingDownWindow(WebElementUtils.java:41)
at com.utils.WebElementUtils.webElementClick(WebElementUtils.java:55)
at com.pageObjects.InteractionsTab.clickOnInteractionTab(InteractionsTab.java:207)
at com.pageObjects.InteractionsTab.testFlow(InteractionsTab.java:83)
at com.testscript.TC01_WebSiteLaunch_ToolsQA_Test.TestInteractionsTab(TC01_WebSiteLaunch_ToolsQA_Test.java:118)
... Removed 25 stack frames]]>
    </failure>
  </testcase> <!-- TestInteractionsTab -->
</testsuite> <!-- ChromeTest -->
