<?xml version="1.0" encoding="UTF-8"?>
<testng-results skipped="0" failed="1" ignored="0" total="1" passed="0">
  <reporter-output>
  </reporter-output>
  <suite name="TestSuite" duration-ms="19239" started-at="2021-03-09T16:07:12Z" finished-at="2021-03-09T16:07:32Z">
    <groups>
    </groups>
    <test name="ChromeTest" duration-ms="19239" started-at="2021-03-09T16:07:12Z" finished-at="2021-03-09T16:07:32Z">
      <class name="com.testscript.TC01_WebSiteLaunch_ToolsQA_Test">
        <test-method status="PASS" signature="beforeSuite()[pri:0, instance:com.testscript.TC01_WebSiteLaunch_ToolsQA_Test@6093dd95]" name="beforeSuite" is-config="true" duration-ms="132" started-at="2021-03-09T16:07:12Z" finished-at="2021-03-09T16:07:12Z">
          <reporter-output>
          </reporter-output>
        </test-method> <!-- beforeSuite -->
        <test-method status="PASS" signature="configure(java.lang.String)[pri:0, instance:com.testscript.TC01_WebSiteLaunch_ToolsQA_Test@6093dd95]" name="configure" is-config="true" duration-ms="5959" started-at="2021-03-09T16:07:12Z" finished-at="2021-03-09T16:07:18Z">
          <params>
            <param index="0">
              <value>
                <![CDATA[Chrome]]>
              </value>
            </param>
          </params>
          <reporter-output>
          </reporter-output>
        </test-method> <!-- configure -->
        <test-method status="FAIL" signature="TestInteractionsTab()[pri:0, instance:com.testscript.TC01_WebSiteLaunch_ToolsQA_Test@6093dd95]" name="TestInteractionsTab" duration-ms="12920" started-at="2021-03-09T16:07:18Z" finished-at="2021-03-09T16:07:31Z">
          <exception class="java.lang.NullPointerException">
            <full-stacktrace>
              <![CDATA[java.lang.NullPointerException
at com.utils.WebElementUtils.scrollingDownWindow(WebElementUtils.java:41)
at com.utils.WebElementUtils.webElementClick(WebElementUtils.java:55)
at com.pageObjects.InteractionsTab.clickOnInteractionTab(InteractionsTab.java:207)
at com.pageObjects.InteractionsTab.testFlow(InteractionsTab.java:83)
at com.testscript.TC01_WebSiteLaunch_ToolsQA_Test.TestInteractionsTab(TC01_WebSiteLaunch_ToolsQA_Test.java:118)
at sun.reflect.NativeMethodAccessorImpl.invoke0(Native Method)
at sun.reflect.NativeMethodAccessorImpl.invoke(NativeMethodAccessorImpl.java:62)
at sun.reflect.DelegatingMethodAccessorImpl.invoke(DelegatingMethodAccessorImpl.java:43)
at java.lang.reflect.Method.invoke(Method.java:498)
at org.testng.internal.MethodInvocationHelper.invokeMethod(MethodInvocationHelper.java:124)
at org.testng.internal.Invoker.invokeMethod(Invoker.java:583)
at org.testng.internal.Invoker.invokeTestMethod(Invoker.java:719)
at org.testng.internal.Invoker.invokeTestMethods(Invoker.java:989)
at org.testng.internal.TestMethodWorker.invokeTestMethods(TestMethodWorker.java:125)
at org.testng.internal.TestMethodWorker.run(TestMethodWorker.java:109)
at org.testng.TestRunner.privateRun(TestRunner.java:648)
at org.testng.TestRunner.run(TestRunner.java:505)
at org.testng.SuiteRunner.runTest(SuiteRunner.java:455)
at org.testng.SuiteRunner.runSequentially(SuiteRunner.java:450)
at org.testng.SuiteRunner.privateRun(SuiteRunner.java:415)
at org.testng.SuiteRunner.run(SuiteRunner.java:364)
at org.testng.SuiteRunnerWorker.runSuite(SuiteRunnerWorker.java:52)
at org.testng.SuiteRunnerWorker.run(SuiteRunnerWorker.java:84)
at org.testng.TestNG.runSuitesSequentially(TestNG.java:1208)
at org.testng.TestNG.runSuitesLocally(TestNG.java:1137)
at org.testng.TestNG.runSuites(TestNG.java:1049)
at org.testng.TestNG.run(TestNG.java:1017)
at org.testng.remote.AbstractRemoteTestNG.run(AbstractRemoteTestNG.java:114)
at org.testng.remote.RemoteTestNG.initAndRun(RemoteTestNG.java:251)
at org.testng.remote.RemoteTestNG.main(RemoteTestNG.java:77)
]]>
            </full-stacktrace>
          </exception> <!-- java.lang.NullPointerException -->
          <reporter-output>
          </reporter-output>
        </test-method> <!-- TestInteractionsTab -->
        <test-method status="PASS" signature="teardown()[pri:0, instance:com.testscript.TC01_WebSiteLaunch_ToolsQA_Test@6093dd95]" name="teardown" is-config="true" duration-ms="288" started-at="2021-03-09T16:07:31Z" finished-at="2021-03-09T16:07:32Z">
          <reporter-output>
          </reporter-output>
        </test-method> <!-- teardown -->
      </class> <!-- com.testscript.TC01_WebSiteLaunch_ToolsQA_Test -->
    </test> <!-- ChromeTest -->
  </suite> <!-- TestSuite -->
</testng-results>
